<?xml version="1.0" encoding="UTF-8"?>
<testsuite name="com.sinensia.demo.DemoProjectApplicationTests" tests="39" skipped="0" failures="0" errors="0" timestamp="2022-02-02T11:20:13" hostname="ubuntu" time="21.622">
  <properties/>
  <testcase name="helloNameTest()" classname="com.sinensia.demo.DemoProjectApplicationTests" time="11.486"/>
  <testcase name="canAddFloat()" classname="com.sinensia.demo.DemoProjectApplicationTests" time="2.117"/>
  <testcase name="[1] (a, Hello a!) &quot;a&quot; -&gt; &quot;Hello a!&quot;" classname="com.sinensia.demo.DemoProjectApplicationTests" time="0.31"/>
  <testcase name="[2] (b, Hello b!) &quot;b&quot; -&gt; &quot;Hello b!&quot;" classname="com.sinensia.demo.DemoProjectApplicationTests" time="0.187"/>
  <testcase name="[3] (null, Hello null!) &quot;null&quot; -&gt; &quot;Hello null!&quot;" classname="com.sinensia.demo.DemoProjectApplicationTests" time="0.114"/>
  <testcase name="[4] (, Hello World!) &quot;&quot; -&gt; &quot;Hello World!&quot;" classname="com.sinensia.demo.DemoProjectApplicationTests" time="0.112"/>
  <testcase name="[5] ( , Hello  !) &quot; &quot; -&gt; &quot;Hello  !&quot;" classname="com.sinensia.demo.DemoProjectApplicationTests" time="0.078"/>
  <testcase name="[6] (first+last, Hello first last!) &quot;first+last&quot; -&gt; &quot;Hello first last!&quot;" classname="com.sinensia.demo.DemoProjectApplicationTests" time="0.18"/>
  <testcase name="[1] Luis" classname="com.sinensia.demo.DemoProjectApplicationTests" time="0.086"/>
  <testcase name="[2] Luis Antonio" classname="com.sinensia.demo.DemoProjectApplicationTests" time="0.202"/>
  <testcase name="[3] Antonio" classname="com.sinensia.demo.DemoProjectApplicationTests" time="0.18"/>
  <testcase name="[4] Reula" classname="com.sinensia.demo.DemoProjectApplicationTests" time="0.148"/>
  <testcase name="helloNames()" classname="com.sinensia.demo.DemoProjectApplicationTests" time="0.163"/>
  <testcase name="canAddNegativeTest(TestRestTemplate)" classname="com.sinensia.demo.DemoProjectApplicationTests" time="0.053"/>
  <testcase name="rootTest()" classname="com.sinensia.demo.DemoProjectApplicationTests" time="0.347"/>
  <testcase name="multiple multiplies [1] 1 + 2 = 3" classname="com.sinensia.demo.DemoProjectApplicationTests" time="0.083"/>
  <testcase name="multiple multiplies [2] 1 + 1 = 2" classname="com.sinensia.demo.DemoProjectApplicationTests" time="0.073"/>
  <testcase name="multiple multiplies [3] 1.0 + 1.0 = 2" classname="com.sinensia.demo.DemoProjectApplicationTests" time="0.103"/>
  <testcase name="multiple multiplies [4] 1 + -2 = -1" classname="com.sinensia.demo.DemoProjectApplicationTests" time="0.191"/>
  <testcase name="multiple multiplies [5] 1.5 + 2 = 3.5" classname="com.sinensia.demo.DemoProjectApplicationTests" time="0.272"/>
  <testcase name="multiple multiplies [6]  + 2 = 2" classname="com.sinensia.demo.DemoProjectApplicationTests" time="0.241"/>
  <testcase name="multiple multiplies [7] 1.5 + 1.5 = 3" classname="com.sinensia.demo.DemoProjectApplicationTests" time="0.132"/>
  <testcase name="canAddRealTest(TestRestTemplate)" classname="com.sinensia.demo.DemoProjectApplicationTests" time="0.11"/>
  <testcase name="canAddNullATest(TestRestTemplate)" classname="com.sinensia.demo.DemoProjectApplicationTests" time="0.125"/>
  <testcase name="canAddNullBTest(TestRestTemplate)" classname="com.sinensia.demo.DemoProjectApplicationTests" time="0.117"/>
  <testcase name="canAddExceptionJsonString()" classname="com.sinensia.demo.DemoProjectApplicationTests" time="0.54"/>
  <testcase name="contextLoads()" classname="com.sinensia.demo.DemoProjectApplicationTests" time="0.027"/>
  <testcase name="helloTest()" classname="com.sinensia.demo.DemoProjectApplicationTests" time="0.087"/>
  <testcase name="canAddFloatException()" classname="com.sinensia.demo.DemoProjectApplicationTests" time="0.231"/>
  <testcase name="canAddMultiple(TestRestTemplate)" classname="com.sinensia.demo.DemoProjectApplicationTests" time="0.191"/>
  <testcase name="canAddZeroTest(TestRestTemplate)" classname="com.sinensia.demo.DemoProjectApplicationTests" time="0.081"/>
  <testcase name="canAddTest(TestRestTemplate)" classname="com.sinensia.demo.DemoProjectApplicationTests" time="0.071"/>
  <testcase name="[1] 1 + 2 = 3" classname="com.sinensia.demo.DemoProjectApplicationTests" time="0.207"/>
  <testcase name="[2] 1 + 1 = 2" classname="com.sinensia.demo.DemoProjectApplicationTests" time="0.1"/>
  <testcase name="[3] 1.0 + 1.0 = 2" classname="com.sinensia.demo.DemoProjectApplicationTests" time="0.065"/>
  <testcase name="[4] 1 + -2 = -1" classname="com.sinensia.demo.DemoProjectApplicationTests" time="0.034"/>
  <testcase name="[5] 1.5 + 2 = 3.5" classname="com.sinensia.demo.DemoProjectApplicationTests" time="0.04"/>
  <testcase name="[6]  + 2 = 2" classname="com.sinensia.demo.DemoProjectApplicationTests" time="0.088"/>
  <testcase name="[7] 1.5 + 1.5 = 3" classname="com.sinensia.demo.DemoProjectApplicationTests" time="0.047"/>
  <system-out><![CDATA[12:19:27.061 [Test worker] DEBUG org.springframework.test.context.BootstrapUtils - Instantiating CacheAwareContextLoaderDelegate from class [org.springframework.test.context.cache.DefaultCacheAwareContextLoaderDelegate]
12:19:27.220 [Test worker] DEBUG org.springframework.test.context.BootstrapUtils - Instantiating BootstrapContext using constructor [public org.springframework.test.context.support.DefaultBootstrapContext(java.lang.Class,org.springframework.test.context.CacheAwareContextLoaderDelegate)]
12:19:27.661 [Test worker] DEBUG org.springframework.test.context.BootstrapUtils - Instantiating TestContextBootstrapper for test class [com.sinensia.demo.DemoProjectApplicationTests] from class [org.springframework.boot.test.context.SpringBootTestContextBootstrapper]
12:19:27.796 [Test worker] INFO org.springframework.boot.test.context.SpringBootTestContextBootstrapper - Neither @ContextConfiguration nor @ContextHierarchy found for test class [com.sinensia.demo.DemoProjectApplicationTests], using SpringBootContextLoader
12:19:27.820 [Test worker] DEBUG org.springframework.test.context.support.AbstractContextLoader - Did not detect default resource location for test class [com.sinensia.demo.DemoProjectApplicationTests]: class path resource [com/sinensia/demo/DemoProjectApplicationTests-context.xml] does not exist
12:19:27.822 [Test worker] DEBUG org.springframework.test.context.support.AbstractContextLoader - Did not detect default resource location for test class [com.sinensia.demo.DemoProjectApplicationTests]: class path resource [com/sinensia/demo/DemoProjectApplicationTestsContext.groovy] does not exist
12:19:27.834 [Test worker] INFO org.springframework.test.context.support.AbstractContextLoader - Could not detect default resource locations for test class [com.sinensia.demo.DemoProjectApplicationTests]: no resource found for suffixes {-context.xml, Context.groovy}.
12:19:27.846 [Test worker] DEBUG org.springframework.test.context.support.AnnotationConfigContextLoaderUtils - Ignoring class [com.sinensia.demo.DemoProjectApplicationTests$DivisionTests]; it must be static, non-private, non-final, and annotated with @Configuration to be considered a default configuration class.
12:19:27.849 [Test worker] DEBUG org.springframework.test.context.support.AnnotationConfigContextLoaderUtils - Ignoring class [com.sinensia.demo.DemoProjectApplicationTests$SubtractionTests]; it must be static, non-private, non-final, and annotated with @Configuration to be considered a default configuration class.
12:19:27.860 [Test worker] DEBUG org.springframework.test.context.support.AnnotationConfigContextLoaderUtils - Ignoring class [com.sinensia.demo.DemoProjectApplicationTests$MultiplyTests]; it must be static, non-private, non-final, and annotated with @Configuration to be considered a default configuration class.
12:19:27.862 [Test worker] DEBUG org.springframework.test.context.support.AnnotationConfigContextLoaderUtils - Ignoring class [com.sinensia.demo.DemoProjectApplicationTests$AppTests]; it must be static, non-private, non-final, and annotated with @Configuration to be considered a default configuration class.
12:19:27.863 [Test worker] INFO org.springframework.test.context.support.AnnotationConfigContextLoaderUtils - Could not detect default configuration classes for test class [com.sinensia.demo.DemoProjectApplicationTests]: DemoProjectApplicationTests does not declare any static, non-private, non-final, nested classes annotated with @Configuration.
12:19:28.410 [Test worker] DEBUG org.springframework.test.context.support.ActiveProfilesUtils - Could not find an 'annotation declaring class' for annotation type [org.springframework.test.context.ActiveProfiles] and class [com.sinensia.demo.DemoProjectApplicationTests]
12:19:29.851 [Test worker] DEBUG org.springframework.context.annotation.ClassPathScanningCandidateComponentProvider - Identified candidate component class: file [/home/gftadmin/Desktop/hello-spring/build/classes/java/main/com/sinensia/demo/DemoProjectApplication.class]
12:19:29.864 [Test worker] INFO org.springframework.boot.test.context.SpringBootTestContextBootstrapper - Found @SpringBootConfiguration com.sinensia.demo.DemoProjectApplication for test class com.sinensia.demo.DemoProjectApplicationTests
12:19:31.970 [Test worker] DEBUG org.springframework.boot.test.context.SpringBootTestContextBootstrapper - @TestExecutionListeners is not present for class [com.sinensia.demo.DemoProjectApplicationTests]: using defaults.
12:19:31.974 [Test worker] INFO org.springframework.boot.test.context.SpringBootTestContextBootstrapper - Loaded default TestExecutionListener class names from location [META-INF/spring.factories]: [org.springframework.boot.test.autoconfigure.restdocs.RestDocsTestExecutionListener, org.springframework.boot.test.autoconfigure.web.client.MockRestServiceServerResetTestExecutionListener, org.springframework.boot.test.autoconfigure.web.servlet.MockMvcPrintOnlyOnFailureTestExecutionListener, org.springframework.boot.test.autoconfigure.web.servlet.WebDriverTestExecutionListener, org.springframework.boot.test.autoconfigure.webservices.client.MockWebServiceServerTestExecutionListener, org.springframework.boot.test.mock.mockito.MockitoTestExecutionListener, org.springframework.boot.test.mock.mockito.ResetMocksTestExecutionListener, org.springframework.test.context.web.ServletTestExecutionListener, org.springframework.test.context.support.DirtiesContextBeforeModesTestExecutionListener, org.springframework.test.context.event.ApplicationEventsTestExecutionListener, org.springframework.test.context.support.DependencyInjectionTestExecutionListener, org.springframework.test.context.support.DirtiesContextTestExecutionListener, org.springframework.test.context.transaction.TransactionalTestExecutionListener, org.springframework.test.context.jdbc.SqlScriptsTestExecutionListener, org.springframework.test.context.event.EventPublishingTestExecutionListener]
12:19:32.075 [Test worker] DEBUG org.springframework.boot.test.context.SpringBootTestContextBootstrapper - Skipping candidate TestExecutionListener [org.springframework.test.context.transaction.TransactionalTestExecutionListener] due to a missing dependency. Specify custom listener classes or make the default listener classes and their required dependencies available. Offending class: [org/springframework/transaction/interceptor/TransactionAttributeSource]
12:19:32.078 [Test worker] DEBUG org.springframework.boot.test.context.SpringBootTestContextBootstrapper - Skipping candidate TestExecutionListener [org.springframework.test.context.jdbc.SqlScriptsTestExecutionListener] due to a missing dependency. Specify custom listener classes or make the default listener classes and their required dependencies available. Offending class: [org/springframework/transaction/interceptor/TransactionAttribute]
12:19:32.082 [Test worker] INFO org.springframework.boot.test.context.SpringBootTestContextBootstrapper - Using TestExecutionListeners: [org.springframework.test.context.web.ServletTestExecutionListener@6eadd342, org.springframework.test.context.support.DirtiesContextBeforeModesTestExecutionListener@30a20fb3, org.springframework.test.context.event.ApplicationEventsTestExecutionListener@34f24a11, org.springframework.boot.test.mock.mockito.MockitoTestExecutionListener@3f6d36eb, org.springframework.boot.test.autoconfigure.SpringBootDependencyInjectionTestExecutionListener@3f5ac587, org.springframework.test.context.support.DirtiesContextTestExecutionListener@1fa58a48, org.springframework.test.context.event.EventPublishingTestExecutionListener@3921e96f, org.springframework.boot.test.autoconfigure.restdocs.RestDocsTestExecutionListener@6fad5ace, org.springframework.boot.test.autoconfigure.web.client.MockRestServiceServerResetTestExecutionListener@632dc41, org.springframework.boot.test.autoconfigure.web.servlet.MockMvcPrintOnlyOnFailureTestExecutionListener@35f6f105, org.springframework.boot.test.autoconfigure.web.servlet.WebDriverTestExecutionListener@3aa1c45, org.springframework.boot.test.autoconfigure.webservices.client.MockWebServiceServerTestExecutionListener@6d45dd4, org.springframework.boot.test.mock.mockito.ResetMocksTestExecutionListener@1614499b]
12:19:32.113 [Test worker] DEBUG org.springframework.test.context.support.AbstractDirtiesContextTestExecutionListener - Before test class: context [DefaultTestContext@19677add testClass = DemoProjectApplicationTests, testInstance = [null], testMethod = [null], testException = [null], mergedContextConfiguration = [WebMergedContextConfiguration@b548f51 testClass = DemoProjectApplicationTests, locations = '{}', classes = '{class com.sinensia.demo.DemoProjectApplication}', contextInitializerClasses = '[]', activeProfiles = '{}', propertySourceLocations = '{}', propertySourceProperties = '{org.springframework.boot.test.context.SpringBootTestContextBootstrapper=true, server.port=0}', contextCustomizers = set[org.springframework.boot.test.autoconfigure.actuate.metrics.MetricsExportContextCustomizerFactory$DisableMetricExportContextCustomizer@120df990, org.springframework.boot.test.autoconfigure.properties.PropertyMappingContextCustomizer@ec54a5c9, org.springframework.boot.test.autoconfigure.web.servlet.WebDriverContextCustomizerFactory$Customizer@38087342, [ImportsContextCustomizer@71f4aeb6 key = [org.springframework.boot.autoconfigure.security.oauth2.client.reactive.ReactiveOAuth2ClientAutoConfiguration, org.springframework.boot.autoconfigure.security.oauth2.resource.reactive.ReactiveOAuth2ResourceServerAutoConfiguration, org.springframework.boot.autoconfigure.security.reactive.ReactiveSecurityAutoConfiguration, org.springframework.boot.autoconfigure.security.reactive.ReactiveUserDetailsServiceAutoConfiguration, org.springframework.boot.test.autoconfigure.web.reactive.WebTestClientAutoConfiguration]], org.springframework.boot.test.context.filter.ExcludeFilterContextCustomizer@5f3b84bd, org.springframework.boot.test.json.DuplicateJsonObjectContextCustomizerFactory$DuplicateJsonObjectContextCustomizer@372954e1, org.springframework.boot.test.mock.mockito.MockitoContextCustomizer@0, org.springframework.boot.test.web.client.TestRestTemplateContextCustomizer@1b0e031b, org.springframework.boot.test.context.SpringBootTestArgs@1, org.springframework.boot.test.context.SpringBootTestWebEnvironment@29a69a35], resourceBasePath = 'src/main/webapp', contextLoader = 'org.springframework.boot.test.context.SpringBootContextLoader', parent = [null]], attributes = map['org.springframework.test.context.web.ServletTestExecutionListener.activateListener' -> false]], class annotated with @DirtiesContext [false] with mode [null].
12:19:32.949 [Test worker] DEBUG org.springframework.test.context.support.DependencyInjectionTestExecutionListener - Performing dependency injection for test context [[DefaultTestContext@19677add testClass = DemoProjectApplicationTests, testInstance = com.sinensia.demo.DemoProjectApplicationTests@75784062, testMethod = [null], testException = [null], mergedContextConfiguration = [WebMergedContextConfiguration@b548f51 testClass = DemoProjectApplicationTests, locations = '{}', classes = '{class com.sinensia.demo.DemoProjectApplication}', contextInitializerClasses = '[]', activeProfiles = '{}', propertySourceLocations = '{}', propertySourceProperties = '{org.springframework.boot.test.context.SpringBootTestContextBootstrapper=true, server.port=0}', contextCustomizers = set[org.springframework.boot.test.autoconfigure.actuate.metrics.MetricsExportContextCustomizerFactory$DisableMetricExportContextCustomizer@120df990, org.springframework.boot.test.autoconfigure.properties.PropertyMappingContextCustomizer@ec54a5c9, org.springframework.boot.test.autoconfigure.web.servlet.WebDriverContextCustomizerFactory$Customizer@38087342, [ImportsContextCustomizer@71f4aeb6 key = [org.springframework.boot.autoconfigure.security.oauth2.client.reactive.ReactiveOAuth2ClientAutoConfiguration, org.springframework.boot.autoconfigure.security.oauth2.resource.reactive.ReactiveOAuth2ResourceServerAutoConfiguration, org.springframework.boot.autoconfigure.security.reactive.ReactiveSecurityAutoConfiguration, org.springframework.boot.autoconfigure.security.reactive.ReactiveUserDetailsServiceAutoConfiguration, org.springframework.boot.test.autoconfigure.web.reactive.WebTestClientAutoConfiguration]], org.springframework.boot.test.context.filter.ExcludeFilterContextCustomizer@5f3b84bd, org.springframework.boot.test.json.DuplicateJsonObjectContextCustomizerFactory$DuplicateJsonObjectContextCustomizer@372954e1, org.springframework.boot.test.mock.mockito.MockitoContextCustomizer@0, org.springframework.boot.test.web.client.TestRestTemplateContextCustomizer@1b0e031b, org.springframework.boot.test.context.SpringBootTestArgs@1, org.springframework.boot.test.context.SpringBootTestWebEnvironment@29a69a35], resourceBasePath = 'src/main/webapp', contextLoader = 'org.springframework.boot.test.context.SpringBootContextLoader', parent = [null]], attributes = map['org.springframework.test.context.web.ServletTestExecutionListener.activateListener' -> false, 'org.springframework.test.context.event.ApplicationEventsTestExecutionListener.recordApplicationEvents' -> false]]].

  .   ____          _            __ _ _
 /\\ / ___'_ __ _ _(_)_ __  __ _ \ \ \ \
( ( )\___ | '_ | '_| | '_ \/ _` | \ \ \ \
 \\/  ___)| |_)| | | | | || (_| |  ) ) ) )
  '  |____| .__|_| |_|_| |_\__, | / / / /
 =========|_|==============|___/=/_/_/_/
 :: Spring Boot ::                (v2.6.3)

2022-02-02 12:19:37.730  INFO 38916 --- [    Test worker] c.s.demo.DemoProjectApplicationTests     : Starting DemoProjectApplicationTests using Java 11.0.13 on ubuntu with PID 38916 (started by gftadmin in /home/gftadmin/Desktop/hello-spring)
2022-02-02 12:19:37.778  INFO 38916 --- [    Test worker] c.s.demo.DemoProjectApplicationTests     : No active profile set, falling back to default profiles: default
2022-02-02 12:19:57.562  INFO 38916 --- [    Test worker] o.s.b.w.embedded.tomcat.TomcatWebServer  : Tomcat initialized with port(s): 0 (http)
2022-02-02 12:19:57.987  INFO 38916 --- [    Test worker] o.apache.catalina.core.StandardService   : Starting service [Tomcat]
2022-02-02 12:19:58.008  INFO 38916 --- [    Test worker] org.apache.catalina.core.StandardEngine  : Starting Servlet engine: [Apache Tomcat/9.0.56]
2022-02-02 12:20:00.243  INFO 38916 --- [    Test worker] o.a.c.c.C.[Tomcat].[localhost].[/]       : Initializing Spring embedded WebApplicationContext
2022-02-02 12:20:00.249  INFO 38916 --- [    Test worker] w.s.c.ServletWebServerApplicationContext : Root WebApplicationContext: initialization completed in 22236 ms
2022-02-02 12:20:13.458  INFO 38916 --- [    Test worker] o.s.b.w.embedded.tomcat.TomcatWebServer  : Tomcat started on port(s): 33717 (http) with context path ''
2022-02-02 12:20:13.607  INFO 38916 --- [    Test worker] c.s.demo.DemoProjectApplicationTests     : Started DemoProjectApplicationTests in 40.347 seconds (JVM running for 56.406)
2022-02-02 12:20:21.507  INFO 38916 --- [o-auto-1-exec-1] o.a.c.c.C.[Tomcat].[localhost].[/]       : Initializing Spring DispatcherServlet 'dispatcherServlet'
2022-02-02 12:20:21.509  INFO 38916 --- [o-auto-1-exec-1] o.s.web.servlet.DispatcherServlet        : Initializing Servlet 'dispatcherServlet'
2022-02-02 12:20:21.513  INFO 38916 --- [o-auto-1-exec-1] o.s.web.servlet.DispatcherServlet        : Completed initialization in 3 ms
2022-02-02 12:20:33.258  WARN 38916 --- [o-auto-1-exec-8] .w.s.m.s.DefaultHandlerExceptionResolver : Resolved [org.springframework.web.method.annotation.MethodArgumentTypeMismatchException: Failed to convert value of type 'java.lang.String' to required type 'java.lang.Float'; nested exception is java.lang.NumberFormatException: For input string: "string"]
2022-02-02 12:20:33.952  WARN 38916 --- [-auto-1-exec-10] .w.s.m.s.DefaultHandlerExceptionResolver : Resolved [org.springframework.web.method.annotation.MethodArgumentTypeMismatchException: Failed to convert value of type 'java.lang.String' to required type 'java.lang.Float'; nested exception is java.lang.NumberFormatException: For input string: "hola"]
]]></system-out>
  <system-err><![CDATA[]]></system-err>
</testsuite>
