<?xml version="1.0" encoding="UTF-8"?>
<testsuite name="Application tests" tests="3" skipped="0" failures="0" errors="0" timestamp="2022-02-02T11:20:40" hostname="ubuntu" time="0.337">
  <properties/>
  <testcase name="appCanAddReturnsFloat()" classname="com.sinensia.demo.DemoProjectApplicationTests$AppTests" time="0.044"/>
  <testcase name="appCanAddNullReturnsFloat()" classname="com.sinensia.demo.DemoProjectApplicationTests$AppTests" time="0.065"/>
  <testcase name="appCanAddReturnsInteger()" classname="com.sinensia.demo.DemoProjectApplicationTests$AppTests" time="0.093"/>
  <system-out><![CDATA[2022-02-02 12:20:40.812  INFO 38916 --- [    Test worker] .b.t.c.SpringBootTestContextBootstrapper : Neither @ContextConfiguration nor @ContextHierarchy found for test class [com.sinensia.demo.DemoProjectApplicationTests$AppTests], using SpringBootContextLoader
2022-02-02 12:20:40.830  INFO 38916 --- [    Test worker] o.s.t.c.support.AbstractContextLoader    : Could not detect default resource locations for test class [com.sinensia.demo.DemoProjectApplicationTests$AppTests]: no resource found for suffixes {-context.xml, Context.groovy}.
2022-02-02 12:20:40.836  INFO 38916 --- [    Test worker] t.c.s.AnnotationConfigContextLoaderUtils : Could not detect default configuration classes for test class [com.sinensia.demo.DemoProjectApplicationTests$AppTests]: AppTests does not declare any static, non-private, non-final, nested classes annotated with @Configuration.
2022-02-02 12:20:40.869  INFO 38916 --- [    Test worker] .b.t.c.SpringBootTestContextBootstrapper : Found @SpringBootConfiguration com.sinensia.demo.DemoProjectApplication for test class com.sinensia.demo.DemoProjectApplicationTests$AppTests
2022-02-02 12:20:40.894  INFO 38916 --- [    Test worker] .b.t.c.SpringBootTestContextBootstrapper : Loaded default TestExecutionListener class names from location [META-INF/spring.factories]: [org.springframework.boot.test.autoconfigure.restdocs.RestDocsTestExecutionListener, org.springframework.boot.test.autoconfigure.web.client.MockRestServiceServerResetTestExecutionListener, org.springframework.boot.test.autoconfigure.web.servlet.MockMvcPrintOnlyOnFailureTestExecutionListener, org.springframework.boot.test.autoconfigure.web.servlet.WebDriverTestExecutionListener, org.springframework.boot.test.autoconfigure.webservices.client.MockWebServiceServerTestExecutionListener, org.springframework.boot.test.mock.mockito.MockitoTestExecutionListener, org.springframework.boot.test.mock.mockito.ResetMocksTestExecutionListener, org.springframework.test.context.web.ServletTestExecutionListener, org.springframework.test.context.support.DirtiesContextBeforeModesTestExecutionListener, org.springframework.test.context.event.ApplicationEventsTestExecutionListener, org.springframework.test.context.support.DependencyInjectionTestExecutionListener, org.springframework.test.context.support.DirtiesContextTestExecutionListener, org.springframework.test.context.transaction.TransactionalTestExecutionListener, org.springframework.test.context.jdbc.SqlScriptsTestExecutionListener, org.springframework.test.context.event.EventPublishingTestExecutionListener]
2022-02-02 12:20:40.909  INFO 38916 --- [    Test worker] .b.t.c.SpringBootTestContextBootstrapper : Using TestExecutionListeners: [org.springframework.test.context.web.ServletTestExecutionListener@471e3fe5, org.springframework.test.context.support.DirtiesContextBeforeModesTestExecutionListener@416d03a5, org.springframework.test.context.event.ApplicationEventsTestExecutionListener@626dcea4, org.springframework.boot.test.mock.mockito.MockitoTestExecutionListener@22c29a29, org.springframework.boot.test.autoconfigure.SpringBootDependencyInjectionTestExecutionListener@14157883, org.springframework.test.context.support.DirtiesContextTestExecutionListener@3d4c318f, org.springframework.test.context.event.EventPublishingTestExecutionListener@3158d06c, org.springframework.boot.test.autoconfigure.restdocs.RestDocsTestExecutionListener@7fd07bc, org.springframework.boot.test.autoconfigure.web.client.MockRestServiceServerResetTestExecutionListener@3813b6a0, org.springframework.boot.test.autoconfigure.web.servlet.MockMvcPrintOnlyOnFailureTestExecutionListener@640f3864, org.springframework.boot.test.autoconfigure.web.servlet.WebDriverTestExecutionListener@13a34f39, org.springframework.boot.test.autoconfigure.webservices.client.MockWebServiceServerTestExecutionListener@7c8c7a16, org.springframework.boot.test.mock.mockito.ResetMocksTestExecutionListener@598f6591]
]]></system-out>
  <system-err><![CDATA[]]></system-err>
</testsuite>
