<?xml version="1.0" encoding="UTF-8"?>
<testsuite name="com.sinensia.demo.DemoProjectApplicationTests" tests="39" skipped="0" failures="0" errors="0" timestamp="2022-02-03T15:02:02" hostname="ubuntu" time="3.938">
  <properties/>
  <testcase name="helloNameTest()" classname="com.sinensia.demo.DemoProjectApplicationTests" time="1.55"/>
  <testcase name="canAddFloat()" classname="com.sinensia.demo.DemoProjectApplicationTests" time="0.344"/>
  <testcase name="[1] (a, Hello a!) &quot;a&quot; -&gt; &quot;Hello a!&quot;" classname="com.sinensia.demo.DemoProjectApplicationTests" time="0.094"/>
  <testcase name="[2] (b, Hello b!) &quot;b&quot; -&gt; &quot;Hello b!&quot;" classname="com.sinensia.demo.DemoProjectApplicationTests" time="0.086"/>
  <testcase name="[3] (null, Hello null!) &quot;null&quot; -&gt; &quot;Hello null!&quot;" classname="com.sinensia.demo.DemoProjectApplicationTests" time="0.012"/>
  <testcase name="[4] (, Hello World!) &quot;&quot; -&gt; &quot;Hello World!&quot;" classname="com.sinensia.demo.DemoProjectApplicationTests" time="0.04"/>
  <testcase name="[5] ( , Hello  !) &quot; &quot; -&gt; &quot;Hello  !&quot;" classname="com.sinensia.demo.DemoProjectApplicationTests" time="0.035"/>
  <testcase name="[6] (first+last, Hello first last!) &quot;first+last&quot; -&gt; &quot;Hello first last!&quot;" classname="com.sinensia.demo.DemoProjectApplicationTests" time="0.029"/>
  <testcase name="[1] Luis" classname="com.sinensia.demo.DemoProjectApplicationTests" time="0.042"/>
  <testcase name="[2] Luis Antonio" classname="com.sinensia.demo.DemoProjectApplicationTests" time="0.034"/>
  <testcase name="[3] Antonio" classname="com.sinensia.demo.DemoProjectApplicationTests" time="0.022"/>
  <testcase name="[4] Reula" classname="com.sinensia.demo.DemoProjectApplicationTests" time="0.034"/>
  <testcase name="helloNames()" classname="com.sinensia.demo.DemoProjectApplicationTests" time="0.046"/>
  <testcase name="canAddNegativeTest(TestRestTemplate)" classname="com.sinensia.demo.DemoProjectApplicationTests" time="0.029"/>
  <testcase name="rootTest()" classname="com.sinensia.demo.DemoProjectApplicationTests" time="0.029"/>
  <testcase name="multiple multiplies [1] 1 + 2 = 3" classname="com.sinensia.demo.DemoProjectApplicationTests" time="0.054"/>
  <testcase name="multiple multiplies [2] 1 + 1 = 2" classname="com.sinensia.demo.DemoProjectApplicationTests" time="0.028"/>
  <testcase name="multiple multiplies [3] 1.0 + 1.0 = 2" classname="com.sinensia.demo.DemoProjectApplicationTests" time="0.031"/>
  <testcase name="multiple multiplies [4] 1 + -2 = -1" classname="com.sinensia.demo.DemoProjectApplicationTests" time="0.026"/>
  <testcase name="multiple multiplies [5] 1.5 + 2 = 3.5" classname="com.sinensia.demo.DemoProjectApplicationTests" time="0.023"/>
  <testcase name="multiple multiplies [6]  + 2 = 2" classname="com.sinensia.demo.DemoProjectApplicationTests" time="0.023"/>
  <testcase name="multiple multiplies [7] 1.5 + 1.5 = 3" classname="com.sinensia.demo.DemoProjectApplicationTests" time="0.061"/>
  <testcase name="canAddRealTest(TestRestTemplate)" classname="com.sinensia.demo.DemoProjectApplicationTests" time="0.016"/>
  <testcase name="canAddNullATest(TestRestTemplate)" classname="com.sinensia.demo.DemoProjectApplicationTests" time="0.017"/>
  <testcase name="canAddNullBTest(TestRestTemplate)" classname="com.sinensia.demo.DemoProjectApplicationTests" time="0.013"/>
  <testcase name="canAddExceptionJsonString()" classname="com.sinensia.demo.DemoProjectApplicationTests" time="0.245"/>
  <testcase name="contextLoads()" classname="com.sinensia.demo.DemoProjectApplicationTests" time="0.008"/>
  <testcase name="helloTest()" classname="com.sinensia.demo.DemoProjectApplicationTests" time="0.012"/>
  <testcase name="canAddFloatException()" classname="com.sinensia.demo.DemoProjectApplicationTests" time="0.044"/>
  <testcase name="canAddMultiple(TestRestTemplate)" classname="com.sinensia.demo.DemoProjectApplicationTests" time="0.07"/>
  <testcase name="canAddZeroTest(TestRestTemplate)" classname="com.sinensia.demo.DemoProjectApplicationTests" time="0.022"/>
  <testcase name="canAddTest(TestRestTemplate)" classname="com.sinensia.demo.DemoProjectApplicationTests" time="0.041"/>
  <testcase name="[1] 1 + 2 = 3" classname="com.sinensia.demo.DemoProjectApplicationTests" time="0.022"/>
  <testcase name="[2] 1 + 1 = 2" classname="com.sinensia.demo.DemoProjectApplicationTests" time="0.026"/>
  <testcase name="[3] 1.0 + 1.0 = 2" classname="com.sinensia.demo.DemoProjectApplicationTests" time="0.031"/>
  <testcase name="[4] 1 + -2 = -1" classname="com.sinensia.demo.DemoProjectApplicationTests" time="0.022"/>
  <testcase name="[5] 1.5 + 2 = 3.5" classname="com.sinensia.demo.DemoProjectApplicationTests" time="0.035"/>
  <testcase name="[6]  + 2 = 2" classname="com.sinensia.demo.DemoProjectApplicationTests" time="0.027"/>
  <testcase name="[7] 1.5 + 1.5 = 3" classname="com.sinensia.demo.DemoProjectApplicationTests" time="0.046"/>
  <system-out><![CDATA[16:01:54.848 [Test worker] DEBUG org.springframework.test.context.BootstrapUtils - Instantiating CacheAwareContextLoaderDelegate from class [org.springframework.test.context.cache.DefaultCacheAwareContextLoaderDelegate]
16:01:54.970 [Test worker] DEBUG org.springframework.test.context.BootstrapUtils - Instantiating BootstrapContext using constructor [public org.springframework.test.context.support.DefaultBootstrapContext(java.lang.Class,org.springframework.test.context.CacheAwareContextLoaderDelegate)]
16:01:55.181 [Test worker] DEBUG org.springframework.test.context.BootstrapUtils - Instantiating TestContextBootstrapper for test class [com.sinensia.demo.DemoProjectApplicationTests] from class [org.springframework.boot.test.context.SpringBootTestContextBootstrapper]
16:01:55.228 [Test worker] INFO org.springframework.boot.test.context.SpringBootTestContextBootstrapper - Neither @ContextConfiguration nor @ContextHierarchy found for test class [com.sinensia.demo.DemoProjectApplicationTests], using SpringBootContextLoader
16:01:55.255 [Test worker] DEBUG org.springframework.test.context.support.AbstractContextLoader - Did not detect default resource location for test class [com.sinensia.demo.DemoProjectApplicationTests]: class path resource [com/sinensia/demo/DemoProjectApplicationTests-context.xml] does not exist
16:01:55.268 [Test worker] DEBUG org.springframework.test.context.support.AbstractContextLoader - Did not detect default resource location for test class [com.sinensia.demo.DemoProjectApplicationTests]: class path resource [com/sinensia/demo/DemoProjectApplicationTestsContext.groovy] does not exist
16:01:55.270 [Test worker] INFO org.springframework.test.context.support.AbstractContextLoader - Could not detect default resource locations for test class [com.sinensia.demo.DemoProjectApplicationTests]: no resource found for suffixes {-context.xml, Context.groovy}.
16:01:55.282 [Test worker] DEBUG org.springframework.test.context.support.AnnotationConfigContextLoaderUtils - Ignoring class [com.sinensia.demo.DemoProjectApplicationTests$sqrtTests]; it must be static, non-private, non-final, and annotated with @Configuration to be considered a default configuration class.
16:01:55.291 [Test worker] DEBUG org.springframework.test.context.support.AnnotationConfigContextLoaderUtils - Ignoring class [com.sinensia.demo.DemoProjectApplicationTests$DivisionTests]; it must be static, non-private, non-final, and annotated with @Configuration to be considered a default configuration class.
16:01:55.303 [Test worker] DEBUG org.springframework.test.context.support.AnnotationConfigContextLoaderUtils - Ignoring class [com.sinensia.demo.DemoProjectApplicationTests$SubtractionTests]; it must be static, non-private, non-final, and annotated with @Configuration to be considered a default configuration class.
16:01:55.307 [Test worker] DEBUG org.springframework.test.context.support.AnnotationConfigContextLoaderUtils - Ignoring class [com.sinensia.demo.DemoProjectApplicationTests$MultiplyTests]; it must be static, non-private, non-final, and annotated with @Configuration to be considered a default configuration class.
16:01:55.310 [Test worker] DEBUG org.springframework.test.context.support.AnnotationConfigContextLoaderUtils - Ignoring class [com.sinensia.demo.DemoProjectApplicationTests$AppTests]; it must be static, non-private, non-final, and annotated with @Configuration to be considered a default configuration class.
16:01:55.314 [Test worker] INFO org.springframework.test.context.support.AnnotationConfigContextLoaderUtils - Could not detect default configuration classes for test class [com.sinensia.demo.DemoProjectApplicationTests]: DemoProjectApplicationTests does not declare any static, non-private, non-final, nested classes annotated with @Configuration.
16:01:55.507 [Test worker] DEBUG org.springframework.test.context.support.ActiveProfilesUtils - Could not find an 'annotation declaring class' for annotation type [org.springframework.test.context.ActiveProfiles] and class [com.sinensia.demo.DemoProjectApplicationTests]
16:01:55.718 [Test worker] DEBUG org.springframework.context.annotation.ClassPathScanningCandidateComponentProvider - Identified candidate component class: file [/home/gftadmin/Desktop/hello-spring/build/classes/java/main/com/sinensia/demo/DemoProjectApplication.class]
16:01:55.721 [Test worker] INFO org.springframework.boot.test.context.SpringBootTestContextBootstrapper - Found @SpringBootConfiguration com.sinensia.demo.DemoProjectApplication for test class com.sinensia.demo.DemoProjectApplicationTests
16:01:56.020 [Test worker] DEBUG org.springframework.boot.test.context.SpringBootTestContextBootstrapper - @TestExecutionListeners is not present for class [com.sinensia.demo.DemoProjectApplicationTests]: using defaults.
16:01:56.021 [Test worker] INFO org.springframework.boot.test.context.SpringBootTestContextBootstrapper - Loaded default TestExecutionListener class names from location [META-INF/spring.factories]: [org.springframework.boot.test.autoconfigure.restdocs.RestDocsTestExecutionListener, org.springframework.boot.test.autoconfigure.web.client.MockRestServiceServerResetTestExecutionListener, org.springframework.boot.test.autoconfigure.web.servlet.MockMvcPrintOnlyOnFailureTestExecutionListener, org.springframework.boot.test.autoconfigure.web.servlet.WebDriverTestExecutionListener, org.springframework.boot.test.autoconfigure.webservices.client.MockWebServiceServerTestExecutionListener, org.springframework.boot.test.mock.mockito.MockitoTestExecutionListener, org.springframework.boot.test.mock.mockito.ResetMocksTestExecutionListener, org.springframework.test.context.web.ServletTestExecutionListener, org.springframework.test.context.support.DirtiesContextBeforeModesTestExecutionListener, org.springframework.test.context.event.ApplicationEventsTestExecutionListener, org.springframework.test.context.support.DependencyInjectionTestExecutionListener, org.springframework.test.context.support.DirtiesContextTestExecutionListener, org.springframework.test.context.transaction.TransactionalTestExecutionListener, org.springframework.test.context.jdbc.SqlScriptsTestExecutionListener, org.springframework.test.context.event.EventPublishingTestExecutionListener]
16:01:56.076 [Test worker] DEBUG org.springframework.boot.test.context.SpringBootTestContextBootstrapper - Skipping candidate TestExecutionListener [org.springframework.test.context.transaction.TransactionalTestExecutionListener] due to a missing dependency. Specify custom listener classes or make the default listener classes and their required dependencies available. Offending class: [org/springframework/transaction/interceptor/TransactionAttributeSource]
16:01:56.077 [Test worker] DEBUG org.springframework.boot.test.context.SpringBootTestContextBootstrapper - Skipping candidate TestExecutionListener [org.springframework.test.context.jdbc.SqlScriptsTestExecutionListener] due to a missing dependency. Specify custom listener classes or make the default listener classes and their required dependencies available. Offending class: [org/springframework/transaction/interceptor/TransactionAttribute]
16:01:56.077 [Test worker] INFO org.springframework.boot.test.context.SpringBootTestContextBootstrapper - Using TestExecutionListeners: [org.springframework.test.context.web.ServletTestExecutionListener@1fa58a48, org.springframework.test.context.support.DirtiesContextBeforeModesTestExecutionListener@3921e96f, org.springframework.test.context.event.ApplicationEventsTestExecutionListener@6fad5ace, org.springframework.boot.test.mock.mockito.MockitoTestExecutionListener@632dc41, org.springframework.boot.test.autoconfigure.SpringBootDependencyInjectionTestExecutionListener@35f6f105, org.springframework.test.context.support.DirtiesContextTestExecutionListener@3aa1c45, org.springframework.test.context.event.EventPublishingTestExecutionListener@6d45dd4, org.springframework.boot.test.autoconfigure.restdocs.RestDocsTestExecutionListener@1614499b, org.springframework.boot.test.autoconfigure.web.client.MockRestServiceServerResetTestExecutionListener@1468fc85, org.springframework.boot.test.autoconfigure.web.servlet.MockMvcPrintOnlyOnFailureTestExecutionListener@47f39279, org.springframework.boot.test.autoconfigure.web.servlet.WebDriverTestExecutionListener@63ed5dae, org.springframework.boot.test.autoconfigure.webservices.client.MockWebServiceServerTestExecutionListener@578198d9, org.springframework.boot.test.mock.mockito.ResetMocksTestExecutionListener@4deca78]
16:01:56.088 [Test worker] DEBUG org.springframework.test.context.support.AbstractDirtiesContextTestExecutionListener - Before test class: context [DefaultTestContext@5b0575d0 testClass = DemoProjectApplicationTests, testInstance = [null], testMethod = [null], testException = [null], mergedContextConfiguration = [WebMergedContextConfiguration@fd0e118 testClass = DemoProjectApplicationTests, locations = '{}', classes = '{class com.sinensia.demo.DemoProjectApplication}', contextInitializerClasses = '[]', activeProfiles = '{}', propertySourceLocations = '{}', propertySourceProperties = '{org.springframework.boot.test.context.SpringBootTestContextBootstrapper=true, server.port=0}', contextCustomizers = set[org.springframework.boot.test.autoconfigure.actuate.metrics.MetricsExportContextCustomizerFactory$DisableMetricExportContextCustomizer@18cf5c52, org.springframework.boot.test.autoconfigure.properties.PropertyMappingContextCustomizer@ec54a5c9, org.springframework.boot.test.autoconfigure.web.servlet.WebDriverContextCustomizerFactory$Customizer@5d9d2119, [ImportsContextCustomizer@62f6185a key = [org.springframework.boot.autoconfigure.security.oauth2.client.reactive.ReactiveOAuth2ClientAutoConfiguration, org.springframework.boot.autoconfigure.security.oauth2.resource.reactive.ReactiveOAuth2ResourceServerAutoConfiguration, org.springframework.boot.autoconfigure.security.reactive.ReactiveSecurityAutoConfiguration, org.springframework.boot.autoconfigure.security.reactive.ReactiveUserDetailsServiceAutoConfiguration, org.springframework.boot.test.autoconfigure.web.reactive.WebTestClientAutoConfiguration]], org.springframework.boot.test.context.filter.ExcludeFilterContextCustomizer@166b11e, org.springframework.boot.test.json.DuplicateJsonObjectContextCustomizerFactory$DuplicateJsonObjectContextCustomizer@1002d192, org.springframework.boot.test.mock.mockito.MockitoContextCustomizer@0, org.springframework.boot.test.web.client.TestRestTemplateContextCustomizer@4e5c8ef3, org.springframework.boot.test.context.SpringBootTestArgs@1, org.springframework.boot.test.context.SpringBootTestWebEnvironment@67e28be3], resourceBasePath = 'src/main/webapp', contextLoader = 'org.springframework.boot.test.context.SpringBootContextLoader', parent = [null]], attributes = map['org.springframework.test.context.web.ServletTestExecutionListener.activateListener' -> false]], class annotated with @DirtiesContext [false] with mode [null].
16:01:56.141 [Test worker] DEBUG org.springframework.test.context.support.DependencyInjectionTestExecutionListener - Performing dependency injection for test context [[DefaultTestContext@5b0575d0 testClass = DemoProjectApplicationTests, testInstance = com.sinensia.demo.DemoProjectApplicationTests@7aca299e, testMethod = [null], testException = [null], mergedContextConfiguration = [WebMergedContextConfiguration@fd0e118 testClass = DemoProjectApplicationTests, locations = '{}', classes = '{class com.sinensia.demo.DemoProjectApplication}', contextInitializerClasses = '[]', activeProfiles = '{}', propertySourceLocations = '{}', propertySourceProperties = '{org.springframework.boot.test.context.SpringBootTestContextBootstrapper=true, server.port=0}', contextCustomizers = set[org.springframework.boot.test.autoconfigure.actuate.metrics.MetricsExportContextCustomizerFactory$DisableMetricExportContextCustomizer@18cf5c52, org.springframework.boot.test.autoconfigure.properties.PropertyMappingContextCustomizer@ec54a5c9, org.springframework.boot.test.autoconfigure.web.servlet.WebDriverContextCustomizerFactory$Customizer@5d9d2119, [ImportsContextCustomizer@62f6185a key = [org.springframework.boot.autoconfigure.security.oauth2.client.reactive.ReactiveOAuth2ClientAutoConfiguration, org.springframework.boot.autoconfigure.security.oauth2.resource.reactive.ReactiveOAuth2ResourceServerAutoConfiguration, org.springframework.boot.autoconfigure.security.reactive.ReactiveSecurityAutoConfiguration, org.springframework.boot.autoconfigure.security.reactive.ReactiveUserDetailsServiceAutoConfiguration, org.springframework.boot.test.autoconfigure.web.reactive.WebTestClientAutoConfiguration]], org.springframework.boot.test.context.filter.ExcludeFilterContextCustomizer@166b11e, org.springframework.boot.test.json.DuplicateJsonObjectContextCustomizerFactory$DuplicateJsonObjectContextCustomizer@1002d192, org.springframework.boot.test.mock.mockito.MockitoContextCustomizer@0, org.springframework.boot.test.web.client.TestRestTemplateContextCustomizer@4e5c8ef3, org.springframework.boot.test.context.SpringBootTestArgs@1, org.springframework.boot.test.context.SpringBootTestWebEnvironment@67e28be3], resourceBasePath = 'src/main/webapp', contextLoader = 'org.springframework.boot.test.context.SpringBootContextLoader', parent = [null]], attributes = map['org.springframework.test.context.web.ServletTestExecutionListener.activateListener' -> false, 'org.springframework.test.context.event.ApplicationEventsTestExecutionListener.recordApplicationEvents' -> false]]].

  .   ____          _            __ _ _
 /\\ / ___'_ __ _ _(_)_ __  __ _ \ \ \ \
( ( )\___ | '_ | '_| | '_ \/ _` | \ \ \ \
 \\/  ___)| |_)| | | | | || (_| |  ) ) ) )
  '  |____| .__|_| |_|_| |_\__, | / / / /
 =========|_|==============|___/=/_/_/_/
 :: Spring Boot ::                (v2.6.3)

2022-02-03 16:01:57.335  INFO 8803 --- [    Test worker] c.s.demo.DemoProjectApplicationTests     : Starting DemoProjectApplicationTests using Java 11.0.13 on ubuntu with PID 8803 (started by gftadmin in /home/gftadmin/Desktop/hello-spring)
2022-02-03 16:01:57.343  INFO 8803 --- [    Test worker] c.s.demo.DemoProjectApplicationTests     : No active profile set, falling back to default profiles: default
2022-02-03 16:02:00.553  INFO 8803 --- [    Test worker] o.s.b.w.embedded.tomcat.TomcatWebServer  : Tomcat initialized with port(s): 0 (http)
2022-02-03 16:02:00.586  INFO 8803 --- [    Test worker] o.apache.catalina.core.StandardService   : Starting service [Tomcat]
2022-02-03 16:02:00.587  INFO 8803 --- [    Test worker] org.apache.catalina.core.StandardEngine  : Starting Servlet engine: [Apache Tomcat/9.0.56]
2022-02-03 16:02:00.849  INFO 8803 --- [    Test worker] o.a.c.c.C.[Tomcat].[localhost].[/]       : Initializing Spring embedded WebApplicationContext
2022-02-03 16:02:00.850  INFO 8803 --- [    Test worker] w.s.c.ServletWebServerApplicationContext : Root WebApplicationContext: initialization completed in 3433 ms
2022-02-03 16:02:02.152  INFO 8803 --- [    Test worker] o.s.b.w.embedded.tomcat.TomcatWebServer  : Tomcat started on port(s): 35989 (http) with context path ''
2022-02-03 16:02:02.177  INFO 8803 --- [    Test worker] c.s.demo.DemoProjectApplicationTests     : Started DemoProjectApplicationTests in 5.967 seconds (JVM running for 10.689)
2022-02-03 16:02:03.426  INFO 8803 --- [o-auto-1-exec-1] o.a.c.c.C.[Tomcat].[localhost].[/]       : Initializing Spring DispatcherServlet 'dispatcherServlet'
2022-02-03 16:02:03.426  INFO 8803 --- [o-auto-1-exec-1] o.s.web.servlet.DispatcherServlet        : Initializing Servlet 'dispatcherServlet'
2022-02-03 16:02:03.433  INFO 8803 --- [o-auto-1-exec-1] o.s.web.servlet.DispatcherServlet        : Completed initialization in 6 ms
2022-02-03 16:02:05.378  WARN 8803 --- [o-auto-1-exec-8] .w.s.m.s.DefaultHandlerExceptionResolver : Resolved [org.springframework.web.method.annotation.MethodArgumentTypeMismatchException: Failed to convert value of type 'java.lang.String' to required type 'java.lang.Float'; nested exception is java.lang.NumberFormatException: For input string: "string"]
2022-02-03 16:02:05.665  WARN 8803 --- [-auto-1-exec-10] .w.s.m.s.DefaultHandlerExceptionResolver : Resolved [org.springframework.web.method.annotation.MethodArgumentTypeMismatchException: Failed to convert value of type 'java.lang.String' to required type 'java.lang.Float'; nested exception is java.lang.NumberFormatException: For input string: "hola"]
]]></system-out>
  <system-err><![CDATA[]]></system-err>
</testsuite>
