<?xml version="1.0" encoding="UTF-8"?>
<testsuite name="com.sinensia.demo.DemoProjectApplicationTests" tests="39" skipped="0" failures="0" errors="0" timestamp="2022-01-31T11:39:30" hostname="ubuntu" time="8.698">
  <properties/>
  <testcase name="helloNameTest()" classname="com.sinensia.demo.DemoProjectApplicationTests" time="4.222"/>
  <testcase name="canAddFloat()" classname="com.sinensia.demo.DemoProjectApplicationTests" time="0.573"/>
  <testcase name="[1] (a, Hello a!) &quot;a&quot; -&gt; &quot;Hello a!&quot;" classname="com.sinensia.demo.DemoProjectApplicationTests" time="0.257"/>
  <testcase name="[2] (b, Hello b!) &quot;b&quot; -&gt; &quot;Hello b!&quot;" classname="com.sinensia.demo.DemoProjectApplicationTests" time="0.075"/>
  <testcase name="[3] (null, Hello null!) &quot;null&quot; -&gt; &quot;Hello null!&quot;" classname="com.sinensia.demo.DemoProjectApplicationTests" time="0.06"/>
  <testcase name="[4] (, Hello World!) &quot;&quot; -&gt; &quot;Hello World!&quot;" classname="com.sinensia.demo.DemoProjectApplicationTests" time="0.109"/>
  <testcase name="[5] ( , Hello  !) &quot; &quot; -&gt; &quot;Hello  !&quot;" classname="com.sinensia.demo.DemoProjectApplicationTests" time="0.06"/>
  <testcase name="[6] (first+last, Hello first last!) &quot;first+last&quot; -&gt; &quot;Hello first last!&quot;" classname="com.sinensia.demo.DemoProjectApplicationTests" time="0.075"/>
  <testcase name="[1] name=Luis" classname="com.sinensia.demo.DemoProjectApplicationTests" time="0.037"/>
  <testcase name="[2] name=Luis Antonio" classname="com.sinensia.demo.DemoProjectApplicationTests" time="0.077"/>
  <testcase name="[3] name=Antonio" classname="com.sinensia.demo.DemoProjectApplicationTests" time="0.098"/>
  <testcase name="[4] name=Reula" classname="com.sinensia.demo.DemoProjectApplicationTests" time="0.069"/>
  <testcase name="helloNames()" classname="com.sinensia.demo.DemoProjectApplicationTests" time="0.085"/>
  <testcase name="canAddNegativeTest(TestRestTemplate)" classname="com.sinensia.demo.DemoProjectApplicationTests" time="0.047"/>
  <testcase name="rootTest()" classname="com.sinensia.demo.DemoProjectApplicationTests" time="0.034"/>
  <testcase name="multiple additions [1] 1 + 2 = 3" classname="com.sinensia.demo.DemoProjectApplicationTests" time="0.154"/>
  <testcase name="multiple additions [2] 1 + 1 = 2" classname="com.sinensia.demo.DemoProjectApplicationTests" time="0.092"/>
  <testcase name="multiple additions [3] 1.0 + 1.0 = 2" classname="com.sinensia.demo.DemoProjectApplicationTests" time="0.051"/>
  <testcase name="multiple additions [4] 1 + -2 = -1" classname="com.sinensia.demo.DemoProjectApplicationTests" time="0.077"/>
  <testcase name="multiple additions [5] 1.5 + 2 = 3.5" classname="com.sinensia.demo.DemoProjectApplicationTests" time="0.035"/>
  <testcase name="multiple additions [6]  + 2 = 2" classname="com.sinensia.demo.DemoProjectApplicationTests" time="0.043"/>
  <testcase name="multiple additions [7] 1.5 + 1.5 = 3" classname="com.sinensia.demo.DemoProjectApplicationTests" time="0.05"/>
  <testcase name="canAddRealTest(TestRestTemplate)" classname="com.sinensia.demo.DemoProjectApplicationTests" time="0.08"/>
  <testcase name="canAddNullATest(TestRestTemplate)" classname="com.sinensia.demo.DemoProjectApplicationTests" time="0.058"/>
  <testcase name="canAddNullBTest(TestRestTemplate)" classname="com.sinensia.demo.DemoProjectApplicationTests" time="0.057"/>
  <testcase name="canAddExceptionJsonString()" classname="com.sinensia.demo.DemoProjectApplicationTests" time="0.315"/>
  <testcase name="contextLoads()" classname="com.sinensia.demo.DemoProjectApplicationTests" time="0.01"/>
  <testcase name="helloTest()" classname="com.sinensia.demo.DemoProjectApplicationTests" time="0.037"/>
  <testcase name="canAddFloatException()" classname="com.sinensia.demo.DemoProjectApplicationTests" time="0.084"/>
  <testcase name="canAddMultiple(TestRestTemplate)" classname="com.sinensia.demo.DemoProjectApplicationTests" time="0.093"/>
  <testcase name="canAddZeroTest(TestRestTemplate)" classname="com.sinensia.demo.DemoProjectApplicationTests" time="0.042"/>
  <testcase name="canAddTest(TestRestTemplate)" classname="com.sinensia.demo.DemoProjectApplicationTests" time="0.058"/>
  <testcase name="[1] 1 + 2 = 3" classname="com.sinensia.demo.DemoProjectApplicationTests" time="0.048"/>
  <testcase name="[2] 1 + 1 = 2" classname="com.sinensia.demo.DemoProjectApplicationTests" time="0.059"/>
  <testcase name="[3] 1.0 + 1.0 = 2" classname="com.sinensia.demo.DemoProjectApplicationTests" time="0.026"/>
  <testcase name="[4] 1 + -2 = -1" classname="com.sinensia.demo.DemoProjectApplicationTests" time="0.026"/>
  <testcase name="[5] 1.5 + 2 = 3.5" classname="com.sinensia.demo.DemoProjectApplicationTests" time="0.028"/>
  <testcase name="[6]  + 2 = 2" classname="com.sinensia.demo.DemoProjectApplicationTests" time="0.079"/>
  <testcase name="[7] 1.5 + 1.5 = 3" classname="com.sinensia.demo.DemoProjectApplicationTests" time="0.031"/>
  <system-out><![CDATA[12:39:10.299 [Test worker] DEBUG org.springframework.test.context.BootstrapUtils - Instantiating CacheAwareContextLoaderDelegate from class [org.springframework.test.context.cache.DefaultCacheAwareContextLoaderDelegate]
12:39:10.394 [Test worker] DEBUG org.springframework.test.context.BootstrapUtils - Instantiating BootstrapContext using constructor [public org.springframework.test.context.support.DefaultBootstrapContext(java.lang.Class,org.springframework.test.context.CacheAwareContextLoaderDelegate)]
12:39:10.676 [Test worker] DEBUG org.springframework.test.context.BootstrapUtils - Instantiating TestContextBootstrapper for test class [com.sinensia.demo.DemoProjectApplicationTests] from class [org.springframework.boot.test.context.SpringBootTestContextBootstrapper]
12:39:10.752 [Test worker] INFO org.springframework.boot.test.context.SpringBootTestContextBootstrapper - Neither @ContextConfiguration nor @ContextHierarchy found for test class [com.sinensia.demo.DemoProjectApplicationTests], using SpringBootContextLoader
12:39:10.776 [Test worker] DEBUG org.springframework.test.context.support.AbstractContextLoader - Did not detect default resource location for test class [com.sinensia.demo.DemoProjectApplicationTests]: class path resource [com/sinensia/demo/DemoProjectApplicationTests-context.xml] does not exist
12:39:10.783 [Test worker] DEBUG org.springframework.test.context.support.AbstractContextLoader - Did not detect default resource location for test class [com.sinensia.demo.DemoProjectApplicationTests]: class path resource [com/sinensia/demo/DemoProjectApplicationTestsContext.groovy] does not exist
12:39:10.791 [Test worker] INFO org.springframework.test.context.support.AbstractContextLoader - Could not detect default resource locations for test class [com.sinensia.demo.DemoProjectApplicationTests]: no resource found for suffixes {-context.xml, Context.groovy}.
12:39:10.798 [Test worker] DEBUG org.springframework.test.context.support.AnnotationConfigContextLoaderUtils - Ignoring class [com.sinensia.demo.DemoProjectApplicationTests$AppTests]; it must be static, non-private, non-final, and annotated with @Configuration to be considered a default configuration class.
12:39:10.799 [Test worker] INFO org.springframework.test.context.support.AnnotationConfigContextLoaderUtils - Could not detect default configuration classes for test class [com.sinensia.demo.DemoProjectApplicationTests]: DemoProjectApplicationTests does not declare any static, non-private, non-final, nested classes annotated with @Configuration.
12:39:11.393 [Test worker] DEBUG org.springframework.test.context.support.ActiveProfilesUtils - Could not find an 'annotation declaring class' for annotation type [org.springframework.test.context.ActiveProfiles] and class [com.sinensia.demo.DemoProjectApplicationTests]
12:39:11.951 [Test worker] DEBUG org.springframework.context.annotation.ClassPathScanningCandidateComponentProvider - Identified candidate component class: file [/home/gftadmin/Desktop/hello-spring/build/classes/java/main/com/sinensia/demo/DemoProjectApplication.class]
12:39:11.962 [Test worker] INFO org.springframework.boot.test.context.SpringBootTestContextBootstrapper - Found @SpringBootConfiguration com.sinensia.demo.DemoProjectApplication for test class com.sinensia.demo.DemoProjectApplicationTests
12:39:12.867 [Test worker] DEBUG org.springframework.boot.test.context.SpringBootTestContextBootstrapper - @TestExecutionListeners is not present for class [com.sinensia.demo.DemoProjectApplicationTests]: using defaults.
12:39:12.892 [Test worker] INFO org.springframework.boot.test.context.SpringBootTestContextBootstrapper - Loaded default TestExecutionListener class names from location [META-INF/spring.factories]: [org.springframework.boot.test.autoconfigure.restdocs.RestDocsTestExecutionListener, org.springframework.boot.test.autoconfigure.web.client.MockRestServiceServerResetTestExecutionListener, org.springframework.boot.test.autoconfigure.web.servlet.MockMvcPrintOnlyOnFailureTestExecutionListener, org.springframework.boot.test.autoconfigure.web.servlet.WebDriverTestExecutionListener, org.springframework.boot.test.autoconfigure.webservices.client.MockWebServiceServerTestExecutionListener, org.springframework.boot.test.mock.mockito.MockitoTestExecutionListener, org.springframework.boot.test.mock.mockito.ResetMocksTestExecutionListener, org.springframework.test.context.web.ServletTestExecutionListener, org.springframework.test.context.support.DirtiesContextBeforeModesTestExecutionListener, org.springframework.test.context.event.ApplicationEventsTestExecutionListener, org.springframework.test.context.support.DependencyInjectionTestExecutionListener, org.springframework.test.context.support.DirtiesContextTestExecutionListener, org.springframework.test.context.transaction.TransactionalTestExecutionListener, org.springframework.test.context.jdbc.SqlScriptsTestExecutionListener, org.springframework.test.context.event.EventPublishingTestExecutionListener]
12:39:13.034 [Test worker] DEBUG org.springframework.boot.test.context.SpringBootTestContextBootstrapper - Skipping candidate TestExecutionListener [org.springframework.test.context.transaction.TransactionalTestExecutionListener] due to a missing dependency. Specify custom listener classes or make the default listener classes and their required dependencies available. Offending class: [org/springframework/transaction/interceptor/TransactionAttributeSource]
12:39:13.040 [Test worker] DEBUG org.springframework.boot.test.context.SpringBootTestContextBootstrapper - Skipping candidate TestExecutionListener [org.springframework.test.context.jdbc.SqlScriptsTestExecutionListener] due to a missing dependency. Specify custom listener classes or make the default listener classes and their required dependencies available. Offending class: [org/springframework/transaction/interceptor/TransactionAttribute]
12:39:13.043 [Test worker] INFO org.springframework.boot.test.context.SpringBootTestContextBootstrapper - Using TestExecutionListeners: [org.springframework.test.context.web.ServletTestExecutionListener@30990c1b, org.springframework.test.context.support.DirtiesContextBeforeModesTestExecutionListener@2453f95d, org.springframework.test.context.event.ApplicationEventsTestExecutionListener@44828f6b, org.springframework.boot.test.mock.mockito.MockitoTestExecutionListener@2dbe250d, org.springframework.boot.test.autoconfigure.SpringBootDependencyInjectionTestExecutionListener@553f1d75, org.springframework.test.context.support.DirtiesContextTestExecutionListener@6e1d8f9e, org.springframework.test.context.event.EventPublishingTestExecutionListener@3e34ace1, org.springframework.boot.test.autoconfigure.restdocs.RestDocsTestExecutionListener@62fe6067, org.springframework.boot.test.autoconfigure.web.client.MockRestServiceServerResetTestExecutionListener@4f071df8, org.springframework.boot.test.autoconfigure.web.servlet.MockMvcPrintOnlyOnFailureTestExecutionListener@4de41af9, org.springframework.boot.test.autoconfigure.web.servlet.WebDriverTestExecutionListener@56ace400, org.springframework.boot.test.autoconfigure.webservices.client.MockWebServiceServerTestExecutionListener@47404bea, org.springframework.boot.test.mock.mockito.ResetMocksTestExecutionListener@305f7627]
12:39:13.105 [Test worker] DEBUG org.springframework.test.context.support.AbstractDirtiesContextTestExecutionListener - Before test class: context [DefaultTestContext@2611b9a3 testClass = DemoProjectApplicationTests, testInstance = [null], testMethod = [null], testException = [null], mergedContextConfiguration = [WebMergedContextConfiguration@54227100 testClass = DemoProjectApplicationTests, locations = '{}', classes = '{class com.sinensia.demo.DemoProjectApplication}', contextInitializerClasses = '[]', activeProfiles = '{}', propertySourceLocations = '{}', propertySourceProperties = '{org.springframework.boot.test.context.SpringBootTestContextBootstrapper=true, server.port=0}', contextCustomizers = set[org.springframework.boot.test.autoconfigure.actuate.metrics.MetricsExportContextCustomizerFactory$DisableMetricExportContextCustomizer@d41f816, org.springframework.boot.test.autoconfigure.properties.PropertyMappingContextCustomizer@ec54a5c9, org.springframework.boot.test.autoconfigure.web.servlet.WebDriverContextCustomizerFactory$Customizer@21337f7b, [ImportsContextCustomizer@6b5894c8 key = [org.springframework.boot.autoconfigure.security.oauth2.client.reactive.ReactiveOAuth2ClientAutoConfiguration, org.springframework.boot.autoconfigure.security.oauth2.resource.reactive.ReactiveOAuth2ResourceServerAutoConfiguration, org.springframework.boot.autoconfigure.security.reactive.ReactiveSecurityAutoConfiguration, org.springframework.boot.autoconfigure.security.reactive.ReactiveUserDetailsServiceAutoConfiguration, org.springframework.boot.test.autoconfigure.web.reactive.WebTestClientAutoConfiguration]], org.springframework.boot.test.context.filter.ExcludeFilterContextCustomizer@2ef14fe, org.springframework.boot.test.json.DuplicateJsonObjectContextCustomizerFactory$DuplicateJsonObjectContextCustomizer@7fb95505, org.springframework.boot.test.mock.mockito.MockitoContextCustomizer@0, org.springframework.boot.test.web.client.TestRestTemplateContextCustomizer@13330ac6, org.springframework.boot.test.context.SpringBootTestArgs@1, org.springframework.boot.test.context.SpringBootTestWebEnvironment@3d34d211], resourceBasePath = 'src/main/webapp', contextLoader = 'org.springframework.boot.test.context.SpringBootContextLoader', parent = [null]], attributes = map['org.springframework.test.context.web.ServletTestExecutionListener.activateListener' -> false]], class annotated with @DirtiesContext [false] with mode [null].
12:39:13.277 [Test worker] DEBUG org.springframework.test.context.support.DependencyInjectionTestExecutionListener - Performing dependency injection for test context [[DefaultTestContext@2611b9a3 testClass = DemoProjectApplicationTests, testInstance = com.sinensia.demo.DemoProjectApplicationTests@28d6290, testMethod = [null], testException = [null], mergedContextConfiguration = [WebMergedContextConfiguration@54227100 testClass = DemoProjectApplicationTests, locations = '{}', classes = '{class com.sinensia.demo.DemoProjectApplication}', contextInitializerClasses = '[]', activeProfiles = '{}', propertySourceLocations = '{}', propertySourceProperties = '{org.springframework.boot.test.context.SpringBootTestContextBootstrapper=true, server.port=0}', contextCustomizers = set[org.springframework.boot.test.autoconfigure.actuate.metrics.MetricsExportContextCustomizerFactory$DisableMetricExportContextCustomizer@d41f816, org.springframework.boot.test.autoconfigure.properties.PropertyMappingContextCustomizer@ec54a5c9, org.springframework.boot.test.autoconfigure.web.servlet.WebDriverContextCustomizerFactory$Customizer@21337f7b, [ImportsContextCustomizer@6b5894c8 key = [org.springframework.boot.autoconfigure.security.oauth2.client.reactive.ReactiveOAuth2ClientAutoConfiguration, org.springframework.boot.autoconfigure.security.oauth2.resource.reactive.ReactiveOAuth2ResourceServerAutoConfiguration, org.springframework.boot.autoconfigure.security.reactive.ReactiveSecurityAutoConfiguration, org.springframework.boot.autoconfigure.security.reactive.ReactiveUserDetailsServiceAutoConfiguration, org.springframework.boot.test.autoconfigure.web.reactive.WebTestClientAutoConfiguration]], org.springframework.boot.test.context.filter.ExcludeFilterContextCustomizer@2ef14fe, org.springframework.boot.test.json.DuplicateJsonObjectContextCustomizerFactory$DuplicateJsonObjectContextCustomizer@7fb95505, org.springframework.boot.test.mock.mockito.MockitoContextCustomizer@0, org.springframework.boot.test.web.client.TestRestTemplateContextCustomizer@13330ac6, org.springframework.boot.test.context.SpringBootTestArgs@1, org.springframework.boot.test.context.SpringBootTestWebEnvironment@3d34d211], resourceBasePath = 'src/main/webapp', contextLoader = 'org.springframework.boot.test.context.SpringBootContextLoader', parent = [null]], attributes = map['org.springframework.test.context.web.ServletTestExecutionListener.activateListener' -> false, 'org.springframework.test.context.event.ApplicationEventsTestExecutionListener.recordApplicationEvents' -> false]]].

  .   ____          _            __ _ _
 /\\ / ___'_ __ _ _(_)_ __  __ _ \ \ \ \
( ( )\___ | '_ | '_| | '_ \/ _` | \ \ \ \
 \\/  ___)| |_)| | | | | || (_| |  ) ) ) )
  '  |____| .__|_| |_|_| |_\__, | / / / /
 =========|_|==============|___/=/_/_/_/
 :: Spring Boot ::                (v2.6.3)

2022-01-31 12:39:16.364  INFO 85763 --- [    Test worker] c.s.demo.DemoProjectApplicationTests     : Starting DemoProjectApplicationTests using Java 11.0.13 on ubuntu with PID 85763 (started by gftadmin in /home/gftadmin/Desktop/hello-spring)
2022-01-31 12:39:16.370  INFO 85763 --- [    Test worker] c.s.demo.DemoProjectApplicationTests     : No active profile set, falling back to default profiles: default
2022-01-31 12:39:24.132  INFO 85763 --- [    Test worker] o.s.b.w.embedded.tomcat.TomcatWebServer  : Tomcat initialized with port(s): 0 (http)
2022-01-31 12:39:24.196  INFO 85763 --- [    Test worker] o.apache.catalina.core.StandardService   : Starting service [Tomcat]
2022-01-31 12:39:24.201  INFO 85763 --- [    Test worker] org.apache.catalina.core.StandardEngine  : Starting Servlet engine: [Apache Tomcat/9.0.56]
2022-01-31 12:39:24.692  INFO 85763 --- [    Test worker] o.a.c.c.C.[Tomcat].[localhost].[/]       : Initializing Spring embedded WebApplicationContext
2022-01-31 12:39:24.710  INFO 85763 --- [    Test worker] w.s.c.ServletWebServerApplicationContext : Root WebApplicationContext: initialization completed in 8194 ms
2022-01-31 12:39:30.358  INFO 85763 --- [    Test worker] o.s.b.w.embedded.tomcat.TomcatWebServer  : Tomcat started on port(s): 46515 (http) with context path ''
2022-01-31 12:39:30.456  INFO 85763 --- [    Test worker] c.s.demo.DemoProjectApplicationTests     : Started DemoProjectApplicationTests in 16.947 seconds (JVM running for 25.408)
2022-01-31 12:39:33.794  INFO 85763 --- [o-auto-1-exec-1] o.a.c.c.C.[Tomcat].[localhost].[/]       : Initializing Spring DispatcherServlet 'dispatcherServlet'
2022-01-31 12:39:33.798  INFO 85763 --- [o-auto-1-exec-1] o.s.web.servlet.DispatcherServlet        : Initializing Servlet 'dispatcherServlet'
2022-01-31 12:39:33.809  INFO 85763 --- [o-auto-1-exec-1] o.s.web.servlet.DispatcherServlet        : Completed initialization in 4 ms
2022-01-31 12:39:38.132  WARN 85763 --- [o-auto-1-exec-8] .w.s.m.s.DefaultHandlerExceptionResolver : Resolved [org.springframework.web.method.annotation.MethodArgumentTypeMismatchException: Failed to convert value of type 'java.lang.String' to required type 'java.lang.Float'; nested exception is java.lang.NumberFormatException: For input string: "string"]
2022-01-31 12:39:38.540  WARN 85763 --- [-auto-1-exec-10] .w.s.m.s.DefaultHandlerExceptionResolver : Resolved [org.springframework.web.method.annotation.MethodArgumentTypeMismatchException: Failed to convert value of type 'java.lang.String' to required type 'java.lang.Float'; nested exception is java.lang.NumberFormatException: For input string: "hola"]
]]></system-out>
  <system-err><![CDATA[]]></system-err>
</testsuite>
