<?xml version="1.0" encoding="UTF-8"?>
<testsuite name="Multiply tests" tests="7" skipped="0" failures="0" errors="0" timestamp="2022-02-02T11:20:39" hostname="ubuntu" time="1.594">
  <properties/>
  <testcase name="multiple multiplies [1] 1 * 2 = 2" classname="com.sinensia.demo.DemoProjectApplicationTests$MultiplyTests" time="0.15"/>
  <testcase name="multiple multiplies [2] 1 * 1 = 1" classname="com.sinensia.demo.DemoProjectApplicationTests$MultiplyTests" time="0.309"/>
  <testcase name="multiple multiplies [3] 1.0 * 1.0 = 1.0" classname="com.sinensia.demo.DemoProjectApplicationTests$MultiplyTests" time="0.191"/>
  <testcase name="multiple multiplies [4] 1 * -2 = -2" classname="com.sinensia.demo.DemoProjectApplicationTests$MultiplyTests" time="0.178"/>
  <testcase name="multiple multiplies [5] 1.5 * 2 = 3.0" classname="com.sinensia.demo.DemoProjectApplicationTests$MultiplyTests" time="0.115"/>
  <testcase name="multiple multiplies [6]  * 2 = 0" classname="com.sinensia.demo.DemoProjectApplicationTests$MultiplyTests" time="0.081"/>
  <testcase name="multiple multiplies [7] 1.5 * 1.5 = 2.25" classname="com.sinensia.demo.DemoProjectApplicationTests$MultiplyTests" time="0.107"/>
  <system-out><![CDATA[2022-02-02 12:20:38.652  INFO 38916 --- [    Test worker] .b.t.c.SpringBootTestContextBootstrapper : Neither @ContextConfiguration nor @ContextHierarchy found for test class [com.sinensia.demo.DemoProjectApplicationTests$MultiplyTests], using SpringBootContextLoader
2022-02-02 12:20:38.657  INFO 38916 --- [    Test worker] o.s.t.c.support.AbstractContextLoader    : Could not detect default resource locations for test class [com.sinensia.demo.DemoProjectApplicationTests$MultiplyTests]: no resource found for suffixes {-context.xml, Context.groovy}.
2022-02-02 12:20:38.658  INFO 38916 --- [    Test worker] t.c.s.AnnotationConfigContextLoaderUtils : Could not detect default configuration classes for test class [com.sinensia.demo.DemoProjectApplicationTests$MultiplyTests]: MultiplyTests does not declare any static, non-private, non-final, nested classes annotated with @Configuration.
2022-02-02 12:20:38.743  INFO 38916 --- [    Test worker] .b.t.c.SpringBootTestContextBootstrapper : Found @SpringBootConfiguration com.sinensia.demo.DemoProjectApplication for test class com.sinensia.demo.DemoProjectApplicationTests$MultiplyTests
2022-02-02 12:20:38.865  INFO 38916 --- [    Test worker] .b.t.c.SpringBootTestContextBootstrapper : Loaded default TestExecutionListener class names from location [META-INF/spring.factories]: [org.springframework.boot.test.autoconfigure.restdocs.RestDocsTestExecutionListener, org.springframework.boot.test.autoconfigure.web.client.MockRestServiceServerResetTestExecutionListener, org.springframework.boot.test.autoconfigure.web.servlet.MockMvcPrintOnlyOnFailureTestExecutionListener, org.springframework.boot.test.autoconfigure.web.servlet.WebDriverTestExecutionListener, org.springframework.boot.test.autoconfigure.webservices.client.MockWebServiceServerTestExecutionListener, org.springframework.boot.test.mock.mockito.MockitoTestExecutionListener, org.springframework.boot.test.mock.mockito.ResetMocksTestExecutionListener, org.springframework.test.context.web.ServletTestExecutionListener, org.springframework.test.context.support.DirtiesContextBeforeModesTestExecutionListener, org.springframework.test.context.event.ApplicationEventsTestExecutionListener, org.springframework.test.context.support.DependencyInjectionTestExecutionListener, org.springframework.test.context.support.DirtiesContextTestExecutionListener, org.springframework.test.context.transaction.TransactionalTestExecutionListener, org.springframework.test.context.jdbc.SqlScriptsTestExecutionListener, org.springframework.test.context.event.EventPublishingTestExecutionListener]
2022-02-02 12:20:38.900  INFO 38916 --- [    Test worker] .b.t.c.SpringBootTestContextBootstrapper : Using TestExecutionListeners: [org.springframework.test.context.web.ServletTestExecutionListener@593b117a, org.springframework.test.context.support.DirtiesContextBeforeModesTestExecutionListener@1b673bbc, org.springframework.test.context.event.ApplicationEventsTestExecutionListener@15fdf386, org.springframework.boot.test.mock.mockito.MockitoTestExecutionListener@77635a, org.springframework.boot.test.autoconfigure.SpringBootDependencyInjectionTestExecutionListener@1c612ef, org.springframework.test.context.support.DirtiesContextTestExecutionListener@235e73b0, org.springframework.test.context.event.EventPublishingTestExecutionListener@59c5d59e, org.springframework.boot.test.autoconfigure.restdocs.RestDocsTestExecutionListener@6213104f, org.springframework.boot.test.autoconfigure.web.client.MockRestServiceServerResetTestExecutionListener@53732788, org.springframework.boot.test.autoconfigure.web.servlet.MockMvcPrintOnlyOnFailureTestExecutionListener@3601da5, org.springframework.boot.test.autoconfigure.web.servlet.WebDriverTestExecutionListener@74fe4172, org.springframework.boot.test.autoconfigure.webservices.client.MockWebServiceServerTestExecutionListener@e95b6ca, org.springframework.boot.test.mock.mockito.ResetMocksTestExecutionListener@44108ff7]
]]></system-out>
  <system-err><![CDATA[]]></system-err>
</testsuite>
