<?xml version="1.0" encoding="UTF-8"?>
<testsuite name="Subtractions tests" tests="7" skipped="0" failures="0" errors="0" timestamp="2022-02-02T11:20:37" hostname="ubuntu" time="1.189">
  <properties/>
  <testcase name="[1] 1 - 2 = -1" classname="com.sinensia.demo.DemoProjectApplicationTests$SubtractionTests" time="0.05"/>
  <testcase name="[2] 1 - 1 = 0" classname="com.sinensia.demo.DemoProjectApplicationTests$SubtractionTests" time="0.096"/>
  <testcase name="[3] 1.0 - 1.0 = 0" classname="com.sinensia.demo.DemoProjectApplicationTests$SubtractionTests" time="0.113"/>
  <testcase name="[4] 1 - -2 = 3" classname="com.sinensia.demo.DemoProjectApplicationTests$SubtractionTests" time="0.164"/>
  <testcase name="[5] 1.5 - 2 = -0.5" classname="com.sinensia.demo.DemoProjectApplicationTests$SubtractionTests" time="0.385"/>
  <testcase name="[6]  - 2 = -2" classname="com.sinensia.demo.DemoProjectApplicationTests$SubtractionTests" time="0.076"/>
  <testcase name="[7] 1.5 - 1.5 = 0" classname="com.sinensia.demo.DemoProjectApplicationTests$SubtractionTests" time="0.086"/>
  <system-out><![CDATA[2022-02-02 12:20:36.958  INFO 38916 --- [    Test worker] .b.t.c.SpringBootTestContextBootstrapper : Neither @ContextConfiguration nor @ContextHierarchy found for test class [com.sinensia.demo.DemoProjectApplicationTests$SubtractionTests], using SpringBootContextLoader
2022-02-02 12:20:36.964  INFO 38916 --- [    Test worker] o.s.t.c.support.AbstractContextLoader    : Could not detect default resource locations for test class [com.sinensia.demo.DemoProjectApplicationTests$SubtractionTests]: no resource found for suffixes {-context.xml, Context.groovy}.
2022-02-02 12:20:36.965  INFO 38916 --- [    Test worker] t.c.s.AnnotationConfigContextLoaderUtils : Could not detect default configuration classes for test class [com.sinensia.demo.DemoProjectApplicationTests$SubtractionTests]: SubtractionTests does not declare any static, non-private, non-final, nested classes annotated with @Configuration.
2022-02-02 12:20:37.014  INFO 38916 --- [    Test worker] .b.t.c.SpringBootTestContextBootstrapper : Found @SpringBootConfiguration com.sinensia.demo.DemoProjectApplication for test class com.sinensia.demo.DemoProjectApplicationTests$SubtractionTests
2022-02-02 12:20:37.034  INFO 38916 --- [    Test worker] .b.t.c.SpringBootTestContextBootstrapper : Loaded default TestExecutionListener class names from location [META-INF/spring.factories]: [org.springframework.boot.test.autoconfigure.restdocs.RestDocsTestExecutionListener, org.springframework.boot.test.autoconfigure.web.client.MockRestServiceServerResetTestExecutionListener, org.springframework.boot.test.autoconfigure.web.servlet.MockMvcPrintOnlyOnFailureTestExecutionListener, org.springframework.boot.test.autoconfigure.web.servlet.WebDriverTestExecutionListener, org.springframework.boot.test.autoconfigure.webservices.client.MockWebServiceServerTestExecutionListener, org.springframework.boot.test.mock.mockito.MockitoTestExecutionListener, org.springframework.boot.test.mock.mockito.ResetMocksTestExecutionListener, org.springframework.test.context.web.ServletTestExecutionListener, org.springframework.test.context.support.DirtiesContextBeforeModesTestExecutionListener, org.springframework.test.context.event.ApplicationEventsTestExecutionListener, org.springframework.test.context.support.DependencyInjectionTestExecutionListener, org.springframework.test.context.support.DirtiesContextTestExecutionListener, org.springframework.test.context.transaction.TransactionalTestExecutionListener, org.springframework.test.context.jdbc.SqlScriptsTestExecutionListener, org.springframework.test.context.event.EventPublishingTestExecutionListener]
2022-02-02 12:20:37.045  INFO 38916 --- [    Test worker] .b.t.c.SpringBootTestContextBootstrapper : Using TestExecutionListeners: [org.springframework.test.context.web.ServletTestExecutionListener@203a62e2, org.springframework.test.context.support.DirtiesContextBeforeModesTestExecutionListener@43c91530, org.springframework.test.context.event.ApplicationEventsTestExecutionListener@64b744ae, org.springframework.boot.test.mock.mockito.MockitoTestExecutionListener@121bfe76, org.springframework.boot.test.autoconfigure.SpringBootDependencyInjectionTestExecutionListener@6145a3a5, org.springframework.test.context.support.DirtiesContextTestExecutionListener@6aae5a28, org.springframework.test.context.event.EventPublishingTestExecutionListener@34e2e1e7, org.springframework.boot.test.autoconfigure.restdocs.RestDocsTestExecutionListener@79c74143, org.springframework.boot.test.autoconfigure.web.client.MockRestServiceServerResetTestExecutionListener@35d38d55, org.springframework.boot.test.autoconfigure.web.servlet.MockMvcPrintOnlyOnFailureTestExecutionListener@2d34fedd, org.springframework.boot.test.autoconfigure.web.servlet.WebDriverTestExecutionListener@efacf45, org.springframework.boot.test.autoconfigure.webservices.client.MockWebServiceServerTestExecutionListener@4df45a80, org.springframework.boot.test.mock.mockito.ResetMocksTestExecutionListener@6464df4e]
]]></system-out>
  <system-err><![CDATA[]]></system-err>
</testsuite>
